[12-Apr-2020 23:36:59 UTC] PHP Parse error:  syntax error, unexpected '$sql' (T_VARIABLE) in C:\wamp64\www\evergreenaa\controllers\authController.php on line 331
[12-Apr-2020 23:37:32 UTC] PHP Parse error:  syntax error, unexpected '}' in C:\wamp64\www\evergreenaa\controllers\authController.php on line 335
[12-Apr-2020 23:37:48 UTC] PHP Notice:  Undefined index: verified in C:\wamp64\www\evergreenaa\index.php on line 45
[12-Apr-2020 23:37:48 UTC] PHP Notice:  Undefined index: email in C:\wamp64\www\evergreenaa\index.php on line 47
[12-Apr-2020 23:37:48 UTC] PHP Notice:  Undefined index: verified in C:\wamp64\www\evergreenaa\index.php on line 53
[12-Apr-2020 23:37:48 UTC] PHP Notice:  Undefined index: g-recaptcha-response in C:\wamp64\www\evergreenaa\_includes\footer-static.php on line 36
[12-Apr-2020 23:37:48 UTC] PHP Notice:  Undefined index: id in C:\wamp64\www\evergreenaa\_functions\variables.php on line 39
[12-Apr-2020 23:37:48 UTC] PHP Notice:  Undefined index: id in C:\wamp64\www\evergreenaa\_functions\variables.php on line 39
[12-Apr-2020 23:37:48 UTC] PHP Notice:  Undefined index: id in C:\wamp64\www\evergreenaa\_functions\variables.php on line 39
[12-Apr-2020 23:37:48 UTC] PHP Notice:  Undefined index: id in C:\wamp64\www\evergreenaa\_functions\variables.php on line 39
[12-Apr-2020 23:37:48 UTC] PHP Notice:  Undefined index: id in C:\wamp64\www\evergreenaa\_functions\variables.php on line 39
[12-Apr-2020 23:37:48 UTC] PHP Notice:  Undefined index: id in C:\wamp64\www\evergreenaa\_functions\variables.php on line 39
[12-Apr-2020 23:37:48 UTC] PHP Notice:  Undefined index: id in C:\wamp64\www\evergreenaa\_functions\variables.php on line 39
[12-Apr-2020 23:37:48 UTC] PHP Notice:  Undefined index: id in C:\wamp64\www\evergreenaa\_functions\variables.php on line 39
[12-Apr-2020 23:37:48 UTC] PHP Notice:  Undefined index: id in C:\wamp64\www\evergreenaa\_functions\variables.php on line 39
[12-Apr-2020 23:37:48 UTC] PHP Notice:  Undefined index: id in C:\wamp64\www\evergreenaa\_functions\variables.php on line 39
[12-Apr-2020 23:37:48 UTC] PHP Notice:  Undefined index: id in C:\wamp64\www\evergreenaa\_functions\variables.php on line 39
[12-Apr-2020 23:37:48 UTC] PHP Notice:  Undefined index: id in C:\wamp64\www\evergreenaa\_functions\variables.php on line 39
[12-Apr-2020 23:37:48 UTC] PHP Notice:  Undefined index: id in C:\wamp64\www\evergreenaa\_functions\variables.php on line 39
[12-Apr-2020 23:37:48 UTC] PHP Notice:  Undefined index: id in C:\wamp64\www\evergreenaa\_functions\variables.php on line 39
[12-Apr-2020 23:37:48 UTC] PHP Notice:  Undefined index: id in C:\wamp64\www\evergreenaa\_functions\variables.php on line 39
[12-Apr-2020 23:37:48 UTC] PHP Notice:  Undefined index: id in C:\wamp64\www\evergreenaa\_functions\variables.php on line 39
[12-Apr-2020 23:37:48 UTC] PHP Notice:  Undefined index: id in C:\wamp64\www\evergreenaa\_functions\variables.php on line 39
[12-Apr-2020 23:37:48 UTC] PHP Notice:  Undefined index: id in C:\wamp64\www\evergreenaa\_functions\variables.php on line 39
[12-Apr-2020 23:37:48 UTC] PHP Notice:  Undefined index: id in C:\wamp64\www\evergreenaa\_functions\variables.php on line 39
[12-Apr-2020 23:37:48 UTC] PHP Notice:  Undefined index: id in C:\wamp64\www\evergreenaa\_functions\variables.php on line 39
[12-Apr-2020 23:37:48 UTC] PHP Notice:  Undefined index: id in C:\wamp64\www\evergreenaa\_functions\variables.php on line 39
[12-Apr-2020 23:37:48 UTC] PHP Notice:  Undefined index: id in C:\wamp64\www\evergreenaa\_functions\variables.php on line 39
[12-Apr-2020 23:37:48 UTC] PHP Notice:  Undefined index: id in C:\wamp64\www\evergreenaa\_functions\variables.php on line 39
[12-Apr-2020 23:37:48 UTC] PHP Notice:  Undefined index: id in C:\wamp64\www\evergreenaa\_functions\variables.php on line 39
[12-Apr-2020 23:37:48 UTC] PHP Notice:  Undefined index: id in C:\wamp64\www\evergreenaa\_functions\variables.php on line 39
[12-Apr-2020 23:37:48 UTC] PHP Notice:  Undefined index: g-recaptcha-response in C:\wamp64\www\evergreenaa\_includes\footer.php on line 36
[12-Apr-2020 23:39:12 UTC] PHP Notice:  Undefined index: id in C:\wamp64\www\evergreenaa\_functions\variables.php on line 39
[12-Apr-2020 23:39:12 UTC] PHP Notice:  Undefined index: id in C:\wamp64\www\evergreenaa\_functions\variables.php on line 39
[12-Apr-2020 23:39:12 UTC] PHP Notice:  Undefined index: id in C:\wamp64\www\evergreenaa\_functions\variables.php on line 39
[12-Apr-2020 23:39:12 UTC] PHP Notice:  Undefined index: id in C:\wamp64\www\evergreenaa\_functions\variables.php on line 39
[12-Apr-2020 23:39:12 UTC] PHP Notice:  Undefined index: id in C:\wamp64\www\evergreenaa\_functions\variables.php on line 39
[12-Apr-2020 23:39:12 UTC] PHP Notice:  Undefined index: id in C:\wamp64\www\evergreenaa\_functions\variables.php on line 39
[12-Apr-2020 23:39:12 UTC] PHP Notice:  Undefined index: id in C:\wamp64\www\evergreenaa\_functions\variables.php on line 39
[12-Apr-2020 23:39:12 UTC] PHP Notice:  Undefined index: id in C:\wamp64\www\evergreenaa\_functions\variables.php on line 39
[12-Apr-2020 23:39:12 UTC] PHP Notice:  Undefined index: id in C:\wamp64\www\evergreenaa\_functions\variables.php on line 39
[12-Apr-2020 23:39:13 UTC] PHP Notice:  Undefined index: id in C:\wamp64\www\evergreenaa\_functions\variables.php on line 39
[12-Apr-2020 23:39:13 UTC] PHP Notice:  Undefined index: id in C:\wamp64\www\evergreenaa\_functions\variables.php on line 39
[12-Apr-2020 23:39:13 UTC] PHP Notice:  Undefined index: id in C:\wamp64\www\evergreenaa\_functions\variables.php on line 39
[12-Apr-2020 23:39:13 UTC] PHP Notice:  Undefined index: id in C:\wamp64\www\evergreenaa\_functions\variables.php on line 39
[12-Apr-2020 23:39:13 UTC] PHP Notice:  Undefined index: id in C:\wamp64\www\evergreenaa\_functions\variables.php on line 39
[12-Apr-2020 23:39:13 UTC] PHP Notice:  Undefined index: id in C:\wamp64\www\evergreenaa\_functions\variables.php on line 39
[12-Apr-2020 23:39:13 UTC] PHP Notice:  Undefined index: id in C:\wamp64\www\evergreenaa\_functions\variables.php on line 39
[12-Apr-2020 23:39:13 UTC] PHP Notice:  Undefined index: id in C:\wamp64\www\evergreenaa\_functions\variables.php on line 39
[12-Apr-2020 23:39:13 UTC] PHP Notice:  Undefined index: id in C:\wamp64\www\evergreenaa\_functions\variables.php on line 39
[12-Apr-2020 23:39:13 UTC] PHP Notice:  Undefined index: id in C:\wamp64\www\evergreenaa\_functions\variables.php on line 39
[12-Apr-2020 23:39:13 UTC] PHP Notice:  Undefined index: id in C:\wamp64\www\evergreenaa\_functions\variables.php on line 39
[12-Apr-2020 23:39:13 UTC] PHP Notice:  Undefined index: id in C:\wamp64\www\evergreenaa\_functions\variables.php on line 39
[12-Apr-2020 23:39:13 UTC] PHP Notice:  Undefined index: id in C:\wamp64\www\evergreenaa\_functions\variables.php on line 39
[12-Apr-2020 23:39:13 UTC] PHP Notice:  Undefined index: id in C:\wamp64\www\evergreenaa\_functions\variables.php on line 39
[12-Apr-2020 23:39:13 UTC] PHP Notice:  Undefined index: id in C:\wamp64\www\evergreenaa\_functions\variables.php on line 39
[12-Apr-2020 23:39:13 UTC] PHP Notice:  Undefined index: id in C:\wamp64\www\evergreenaa\_functions\variables.php on line 39
[12-Apr-2020 23:39:13 UTC] PHP Notice:  Undefined index: g-recaptcha-response in C:\wamp64\www\evergreenaa\_includes\footer.php on line 36
[12-Apr-2020 23:39:56 UTC] PHP Notice:  Undefined index: id in C:\wamp64\www\evergreenaa\_functions\variables.php on line 2
[12-Apr-2020 23:39:56 UTC] PHP Notice:  Undefined index: id in C:\wamp64\www\evergreenaa\_functions\variables.php on line 2
[12-Apr-2020 23:39:56 UTC] PHP Notice:  Undefined index: id in C:\wamp64\www\evergreenaa\_functions\variables.php on line 2
[12-Apr-2020 23:39:56 UTC] PHP Notice:  Undefined index: id in C:\wamp64\www\evergreenaa\_functions\variables.php on line 2
[12-Apr-2020 23:39:56 UTC] PHP Notice:  Undefined index: id in C:\wamp64\www\evergreenaa\_functions\variables.php on line 2
[12-Apr-2020 23:39:56 UTC] PHP Notice:  Undefined index: id in C:\wamp64\www\evergreenaa\_functions\variables.php on line 2
[12-Apr-2020 23:39:56 UTC] PHP Notice:  Undefined index: id in C:\wamp64\www\evergreenaa\_functions\variables.php on line 2
[12-Apr-2020 23:39:56 UTC] PHP Notice:  Undefined index: id in C:\wamp64\www\evergreenaa\_functions\variables.php on line 2
[12-Apr-2020 23:39:56 UTC] PHP Notice:  Undefined index: id in C:\wamp64\www\evergreenaa\_functions\variables.php on line 2
[12-Apr-2020 23:39:56 UTC] PHP Notice:  Undefined index: id in C:\wamp64\www\evergreenaa\_functions\variables.php on line 2
[12-Apr-2020 23:39:56 UTC] PHP Notice:  Undefined index: id in C:\wamp64\www\evergreenaa\_functions\variables.php on line 2
[12-Apr-2020 23:39:56 UTC] PHP Notice:  Undefined index: id in C:\wamp64\www\evergreenaa\_functions\variables.php on line 2
[12-Apr-2020 23:39:56 UTC] PHP Notice:  Undefined index: id in C:\wamp64\www\evergreenaa\_functions\variables.php on line 2
[12-Apr-2020 23:39:56 UTC] PHP Notice:  Undefined index: id in C:\wamp64\www\evergreenaa\_functions\variables.php on line 2
[12-Apr-2020 23:39:56 UTC] PHP Notice:  Undefined index: id in C:\wamp64\www\evergreenaa\_functions\variables.php on line 2
[12-Apr-2020 23:39:56 UTC] PHP Notice:  Undefined index: id in C:\wamp64\www\evergreenaa\_functions\variables.php on line 2
[12-Apr-2020 23:39:56 UTC] PHP Notice:  Undefined index: id in C:\wamp64\www\evergreenaa\_functions\variables.php on line 2
[12-Apr-2020 23:39:56 UTC] PHP Notice:  Undefined index: id in C:\wamp64\www\evergreenaa\_functions\variables.php on line 2
[12-Apr-2020 23:39:56 UTC] PHP Notice:  Undefined index: id in C:\wamp64\www\evergreenaa\_functions\variables.php on line 2
[12-Apr-2020 23:39:56 UTC] PHP Notice:  Undefined index: id in C:\wamp64\www\evergreenaa\_functions\variables.php on line 2
[12-Apr-2020 23:39:56 UTC] PHP Notice:  Undefined index: id in C:\wamp64\www\evergreenaa\_functions\variables.php on line 2
[12-Apr-2020 23:39:56 UTC] PHP Notice:  Undefined index: id in C:\wamp64\www\evergreenaa\_functions\variables.php on line 2
[12-Apr-2020 23:39:56 UTC] PHP Notice:  Undefined index: id in C:\wamp64\www\evergreenaa\_functions\variables.php on line 2
[12-Apr-2020 23:39:56 UTC] PHP Notice:  Undefined index: id in C:\wamp64\www\evergreenaa\_functions\variables.php on line 2
[12-Apr-2020 23:39:56 UTC] PHP Notice:  Undefined index: id in C:\wamp64\www\evergreenaa\_functions\variables.php on line 2
[12-Apr-2020 23:39:56 UTC] PHP Notice:  Undefined index: g-recaptcha-response in C:\wamp64\www\evergreenaa\_includes\footer.php on line 36
[12-Apr-2020 23:40:29 UTC] PHP Notice:  Undefined variable: userid in C:\wamp64\www\evergreenaa\_functions\variables.php on line 40
[12-Apr-2020 23:40:29 UTC] PHP Notice:  Undefined variable: userid in C:\wamp64\www\evergreenaa\_functions\variables.php on line 40
[12-Apr-2020 23:40:29 UTC] PHP Notice:  Undefined variable: userid in C:\wamp64\www\evergreenaa\_functions\variables.php on line 40
[12-Apr-2020 23:40:29 UTC] PHP Notice:  Undefined variable: userid in C:\wamp64\www\evergreenaa\_functions\variables.php on line 40
[12-Apr-2020 23:40:29 UTC] PHP Notice:  Undefined variable: userid in C:\wamp64\www\evergreenaa\_functions\variables.php on line 40
[12-Apr-2020 23:40:29 UTC] PHP Notice:  Undefined variable: userid in C:\wamp64\www\evergreenaa\_functions\variables.php on line 40
[12-Apr-2020 23:40:29 UTC] PHP Notice:  Undefined variable: userid in C:\wamp64\www\evergreenaa\_functions\variables.php on line 40
[12-Apr-2020 23:40:29 UTC] PHP Notice:  Undefined variable: userid in C:\wamp64\www\evergreenaa\_functions\variables.php on line 40
[12-Apr-2020 23:40:29 UTC] PHP Notice:  Undefined variable: userid in C:\wamp64\www\evergreenaa\_functions\variables.php on line 40
[12-Apr-2020 23:40:29 UTC] PHP Notice:  Undefined variable: userid in C:\wamp64\www\evergreenaa\_functions\variables.php on line 40
[12-Apr-2020 23:40:29 UTC] PHP Notice:  Undefined variable: userid in C:\wamp64\www\evergreenaa\_functions\variables.php on line 40
[12-Apr-2020 23:40:29 UTC] PHP Notice:  Undefined variable: userid in C:\wamp64\www\evergreenaa\_functions\variables.php on line 40
[12-Apr-2020 23:40:29 UTC] PHP Notice:  Undefined variable: userid in C:\wamp64\www\evergreenaa\_functions\variables.php on line 40
[12-Apr-2020 23:40:29 UTC] PHP Notice:  Undefined variable: userid in C:\wamp64\www\evergreenaa\_functions\variables.php on line 40
[12-Apr-2020 23:40:29 UTC] PHP Notice:  Undefined variable: userid in C:\wamp64\www\evergreenaa\_functions\variables.php on line 40
[12-Apr-2020 23:40:29 UTC] PHP Notice:  Undefined variable: userid in C:\wamp64\www\evergreenaa\_functions\variables.php on line 40
[12-Apr-2020 23:40:29 UTC] PHP Notice:  Undefined variable: userid in C:\wamp64\www\evergreenaa\_functions\variables.php on line 40
[12-Apr-2020 23:40:29 UTC] PHP Notice:  Undefined variable: userid in C:\wamp64\www\evergreenaa\_functions\variables.php on line 40
[12-Apr-2020 23:40:29 UTC] PHP Notice:  Undefined variable: userid in C:\wamp64\www\evergreenaa\_functions\variables.php on line 40
[12-Apr-2020 23:40:29 UTC] PHP Notice:  Undefined variable: userid in C:\wamp64\www\evergreenaa\_functions\variables.php on line 40
[12-Apr-2020 23:40:29 UTC] PHP Notice:  Undefined variable: userid in C:\wamp64\www\evergreenaa\_functions\variables.php on line 40
[12-Apr-2020 23:40:29 UTC] PHP Notice:  Undefined variable: userid in C:\wamp64\www\evergreenaa\_functions\variables.php on line 40
[12-Apr-2020 23:40:29 UTC] PHP Notice:  Undefined variable: userid in C:\wamp64\www\evergreenaa\_functions\variables.php on line 40
[12-Apr-2020 23:40:29 UTC] PHP Notice:  Undefined variable: userid in C:\wamp64\www\evergreenaa\_functions\variables.php on line 40
[12-Apr-2020 23:40:29 UTC] PHP Notice:  Undefined variable: userid in C:\wamp64\www\evergreenaa\_functions\variables.php on line 40
[12-Apr-2020 23:40:29 UTC] PHP Notice:  Undefined index: g-recaptcha-response in C:\wamp64\www\evergreenaa\_includes\footer.php on line 36
[12-Apr-2020 23:43:13 UTC] PHP Notice:  Undefined index: id in C:\wamp64\www\evergreenaa\_functions\variables.php on line 40
[12-Apr-2020 23:43:13 UTC] PHP Notice:  Undefined index: id in C:\wamp64\www\evergreenaa\_functions\variables.php on line 40
[12-Apr-2020 23:43:13 UTC] PHP Notice:  Undefined index: id in C:\wamp64\www\evergreenaa\_functions\variables.php on line 40
[12-Apr-2020 23:43:13 UTC] PHP Notice:  Undefined index: id in C:\wamp64\www\evergreenaa\_functions\variables.php on line 40
[12-Apr-2020 23:43:13 UTC] PHP Notice:  Undefined index: id in C:\wamp64\www\evergreenaa\_functions\variables.php on line 40
[12-Apr-2020 23:43:13 UTC] PHP Notice:  Undefined index: id in C:\wamp64\www\evergreenaa\_functions\variables.php on line 40
[12-Apr-2020 23:43:13 UTC] PHP Notice:  Undefined index: id in C:\wamp64\www\evergreenaa\_functions\variables.php on line 40
[12-Apr-2020 23:43:13 UTC] PHP Notice:  Undefined index: id in C:\wamp64\www\evergreenaa\_functions\variables.php on line 40
[12-Apr-2020 23:43:13 UTC] PHP Notice:  Undefined index: id in C:\wamp64\www\evergreenaa\_functions\variables.php on line 40
[12-Apr-2020 23:43:13 UTC] PHP Notice:  Undefined index: id in C:\wamp64\www\evergreenaa\_functions\variables.php on line 40
[12-Apr-2020 23:43:13 UTC] PHP Notice:  Undefined index: id in C:\wamp64\www\evergreenaa\_functions\variables.php on line 40
[12-Apr-2020 23:43:13 UTC] PHP Notice:  Undefined index: id in C:\wamp64\www\evergreenaa\_functions\variables.php on line 40
[12-Apr-2020 23:43:13 UTC] PHP Notice:  Undefined index: id in C:\wamp64\www\evergreenaa\_functions\variables.php on line 40
[12-Apr-2020 23:43:13 UTC] PHP Notice:  Undefined index: id in C:\wamp64\www\evergreenaa\_functions\variables.php on line 40
[12-Apr-2020 23:43:13 UTC] PHP Notice:  Undefined index: id in C:\wamp64\www\evergreenaa\_functions\variables.php on line 40
[12-Apr-2020 23:43:13 UTC] PHP Notice:  Undefined index: id in C:\wamp64\www\evergreenaa\_functions\variables.php on line 40
[12-Apr-2020 23:43:13 UTC] PHP Notice:  Undefined index: id in C:\wamp64\www\evergreenaa\_functions\variables.php on line 40
[12-Apr-2020 23:43:13 UTC] PHP Notice:  Undefined index: id in C:\wamp64\www\evergreenaa\_functions\variables.php on line 40
[12-Apr-2020 23:43:13 UTC] PHP Notice:  Undefined index: id in C:\wamp64\www\evergreenaa\_functions\variables.php on line 40
[12-Apr-2020 23:43:13 UTC] PHP Notice:  Undefined index: id in C:\wamp64\www\evergreenaa\_functions\variables.php on line 40
[12-Apr-2020 23:43:13 UTC] PHP Notice:  Undefined index: id in C:\wamp64\www\evergreenaa\_functions\variables.php on line 40
[12-Apr-2020 23:43:13 UTC] PHP Notice:  Undefined index: id in C:\wamp64\www\evergreenaa\_functions\variables.php on line 40
[12-Apr-2020 23:43:13 UTC] PHP Notice:  Undefined index: id in C:\wamp64\www\evergreenaa\_functions\variables.php on line 40
[12-Apr-2020 23:43:13 UTC] PHP Notice:  Undefined index: id in C:\wamp64\www\evergreenaa\_functions\variables.php on line 40
[12-Apr-2020 23:43:13 UTC] PHP Notice:  Undefined index: id in C:\wamp64\www\evergreenaa\_functions\variables.php on line 40
[12-Apr-2020 23:43:13 UTC] PHP Notice:  Undefined index: g-recaptcha-response in C:\wamp64\www\evergreenaa\_includes\footer.php on line 36
[12-Apr-2020 23:44:03 UTC] PHP Notice:  Undefined index: id in C:\wamp64\www\evergreenaa\_functions\variables.php on line 40
[12-Apr-2020 23:44:03 UTC] PHP Notice:  Undefined index: id in C:\wamp64\www\evergreenaa\_functions\variables.php on line 40
[12-Apr-2020 23:44:03 UTC] PHP Notice:  Undefined index: id in C:\wamp64\www\evergreenaa\_functions\variables.php on line 40
[12-Apr-2020 23:44:03 UTC] PHP Notice:  Undefined index: id in C:\wamp64\www\evergreenaa\_functions\variables.php on line 40
[12-Apr-2020 23:44:03 UTC] PHP Notice:  Undefined index: id in C:\wamp64\www\evergreenaa\_functions\variables.php on line 40
[12-Apr-2020 23:44:03 UTC] PHP Notice:  Undefined index: id in C:\wamp64\www\evergreenaa\_functions\variables.php on line 40
[12-Apr-2020 23:44:03 UTC] PHP Notice:  Undefined index: id in C:\wamp64\www\evergreenaa\_functions\variables.php on line 40
[12-Apr-2020 23:44:03 UTC] PHP Notice:  Undefined index: id in C:\wamp64\www\evergreenaa\_functions\variables.php on line 40
[12-Apr-2020 23:44:03 UTC] PHP Notice:  Undefined index: id in C:\wamp64\www\evergreenaa\_functions\variables.php on line 40
[12-Apr-2020 23:44:03 UTC] PHP Notice:  Undefined index: id in C:\wamp64\www\evergreenaa\_functions\variables.php on line 40
[12-Apr-2020 23:44:03 UTC] PHP Notice:  Undefined index: id in C:\wamp64\www\evergreenaa\_functions\variables.php on line 40
[12-Apr-2020 23:44:03 UTC] PHP Notice:  Undefined index: id in C:\wamp64\www\evergreenaa\_functions\variables.php on line 40
[12-Apr-2020 23:44:03 UTC] PHP Notice:  Undefined index: id in C:\wamp64\www\evergreenaa\_functions\variables.php on line 40
[12-Apr-2020 23:44:03 UTC] PHP Notice:  Undefined index: id in C:\wamp64\www\evergreenaa\_functions\variables.php on line 40
[12-Apr-2020 23:44:03 UTC] PHP Notice:  Undefined index: id in C:\wamp64\www\evergreenaa\_functions\variables.php on line 40
[12-Apr-2020 23:44:03 UTC] PHP Notice:  Undefined index: id in C:\wamp64\www\evergreenaa\_functions\variables.php on line 40
[12-Apr-2020 23:44:03 UTC] PHP Notice:  Undefined index: id in C:\wamp64\www\evergreenaa\_functions\variables.php on line 40
[12-Apr-2020 23:44:03 UTC] PHP Notice:  Undefined index: id in C:\wamp64\www\evergreenaa\_functions\variables.php on line 40
[12-Apr-2020 23:44:03 UTC] PHP Notice:  Undefined index: id in C:\wamp64\www\evergreenaa\_functions\variables.php on line 40
[12-Apr-2020 23:44:03 UTC] PHP Notice:  Undefined index: id in C:\wamp64\www\evergreenaa\_functions\variables.php on line 40
[12-Apr-2020 23:44:03 UTC] PHP Notice:  Undefined index: id in C:\wamp64\www\evergreenaa\_functions\variables.php on line 40
[12-Apr-2020 23:44:03 UTC] PHP Notice:  Undefined index: id in C:\wamp64\www\evergreenaa\_functions\variables.php on line 40
[12-Apr-2020 23:44:03 UTC] PHP Notice:  Undefined index: id in C:\wamp64\www\evergreenaa\_functions\variables.php on line 40
[12-Apr-2020 23:44:03 UTC] PHP Notice:  Undefined index: id in C:\wamp64\www\evergreenaa\_functions\variables.php on line 40
[12-Apr-2020 23:44:03 UTC] PHP Notice:  Undefined index: id in C:\wamp64\www\evergreenaa\_functions\variables.php on line 40
[12-Apr-2020 23:44:03 UTC] PHP Notice:  Undefined index: g-recaptcha-response in C:\wamp64\www\evergreenaa\_includes\footer.php on line 36
[13-Apr-2020 01:18:55 UTC] PHP Notice:  Undefined index: g-recaptcha-response in C:\wamp64\www\evergreenaa\_includes\footer.php on line 36
[13-Apr-2020 01:19:00 UTC] PHP Notice:  Undefined index: g-recaptcha-response in C:\wamp64\www\evergreenaa\_includes\footer-static.php on line 36
[13-Apr-2020 01:19:09 UTC] PHP Notice:  Undefined index: g-recaptcha-response in C:\wamp64\www\evergreenaa\_includes\footer.php on line 36
[13-Apr-2020 02:00:03 UTC] PHP Notice:  Undefined index: g-recaptcha-response in C:\wamp64\www\evergreenaa\_includes\footer.php on line 36
[13-Apr-2020 02:00:04 UTC] PHP Notice:  Undefined index: g-recaptcha-response in C:\wamp64\www\evergreenaa\_includes\footer-static.php on line 36
[13-Apr-2020 02:00:11 UTC] PHP Notice:  Undefined index: g-recaptcha-response in C:\wamp64\www\evergreenaa\_includes\footer.php on line 36
[13-Apr-2020 02:00:18 UTC] PHP Notice:  Undefined index: g-recaptcha-response in C:\wamp64\www\evergreenaa\_includes\footer-static.php on line 36
[13-Apr-2020 02:40:49 UTC] PHP Parse error:  syntax error, unexpected '$userid' (T_VARIABLE) in C:\wamp64\www\evergreenaa\controllers\authController.php on line 340
[13-Apr-2020 02:40:52 UTC] PHP Parse error:  syntax error, unexpected '$userid' (T_VARIABLE) in C:\wamp64\www\evergreenaa\controllers\authController.php on line 340
[13-Apr-2020 02:43:52 UTC] PHP Notice:  Undefined index: g-recaptcha-response in C:\wamp64\www\evergreenaa\_includes\footer.php on line 36
[13-Apr-2020 02:43:59 UTC] PHP Notice:  Undefined index: g-recaptcha-response in C:\wamp64\www\evergreenaa\_includes\footer-static.php on line 36
[13-Apr-2020 02:44:13 UTC] PHP Notice:  Undefined index: g-recaptcha-response in C:\wamp64\www\evergreenaa\_includes\footer.php on line 36
[13-Apr-2020 02:44:15 UTC] PHP Notice:  Undefined index: g-recaptcha-response in C:\wamp64\www\evergreenaa\_includes\footer-static.php on line 36
[13-Apr-2020 02:44:21 UTC] PHP Notice:  Undefined index: g-recaptcha-response in C:\wamp64\www\evergreenaa\_includes\footer.php on line 36
[13-Apr-2020 02:44:23 UTC] PHP Notice:  Undefined index: g-recaptcha-response in C:\wamp64\www\evergreenaa\_includes\footer-static.php on line 36
[13-Apr-2020 02:44:46 UTC] PHP Notice:  Undefined index: g-recaptcha-response in C:\wamp64\www\evergreenaa\_includes\footer-static.php on line 36
[13-Apr-2020 02:44:53 UTC] PHP Notice:  Undefined index: id in C:\wamp64\www\evergreenaa\controllers\authController.php on line 327
[13-Apr-2020 02:44:53 UTC] PHP Fatal error:  Uncaught Error: Call to a member function bind_param() on boolean in C:\wamp64\www\evergreenaa\controllers\authController.php:342
Stack trace:
#0 C:\wamp64\www\evergreenaa\edit-meeting.php(5): require_once()
#1 {main}
  thrown in C:\wamp64\www\evergreenaa\controllers\authController.php on line 342
[13-Apr-2020 02:46:01 UTC] PHP Notice:  Undefined index: g-recaptcha-response in C:\wamp64\www\evergreenaa\_includes\footer-static.php on line 36
[13-Apr-2020 02:46:04 UTC] PHP Notice:  Undefined index: id in C:\wamp64\www\evergreenaa\controllers\authController.php on line 327
[13-Apr-2020 02:46:04 UTC] PHP Fatal error:  Uncaught Error: Call to a member function bind_param() on boolean in C:\wamp64\www\evergreenaa\controllers\authController.php:342
Stack trace:
#0 C:\wamp64\www\evergreenaa\edit-meeting.php(5): require_once()
#1 {main}
  thrown in C:\wamp64\www\evergreenaa\controllers\authController.php on line 342
[13-Apr-2020 02:46:40 UTC] PHP Notice:  Undefined index: g-recaptcha-response in C:\wamp64\www\evergreenaa\_includes\footer-static.php on line 36
[13-Apr-2020 02:46:42 UTC] PHP Fatal error:  Uncaught Error: Call to a member function bind_param() on boolean in C:\wamp64\www\evergreenaa\controllers\authController.php:342
Stack trace:
#0 C:\wamp64\www\evergreenaa\edit-meeting.php(5): require_once()
#1 {main}
  thrown in C:\wamp64\www\evergreenaa\controllers\authController.php on line 342
[13-Apr-2020 02:47:01 UTC] PHP Notice:  Undefined index: g-recaptcha-response in C:\wamp64\www\evergreenaa\_includes\footer-static.php on line 36
[13-Apr-2020 02:47:08 UTC] PHP Fatal error:  Uncaught Error: Call to a member function bind_param() on boolean in C:\wamp64\www\evergreenaa\controllers\authController.php:342
Stack trace:
#0 C:\wamp64\www\evergreenaa\edit-meeting.php(5): require_once()
#1 {main}
  thrown in C:\wamp64\www\evergreenaa\controllers\authController.php on line 342
[13-Apr-2020 02:49:35 UTC] PHP Notice:  Undefined index: g-recaptcha-response in C:\wamp64\www\evergreenaa\_includes\footer-static.php on line 36
[13-Apr-2020 02:49:38 UTC] PHP Fatal error:  Uncaught Error: Call to a member function bind_param() on boolean in C:\wamp64\www\evergreenaa\controllers\authController.php:342
Stack trace:
#0 C:\wamp64\www\evergreenaa\edit-meeting.php(5): require_once()
#1 {main}
  thrown in C:\wamp64\www\evergreenaa\controllers\authController.php on line 342
[13-Apr-2020 02:51:20 UTC] PHP Notice:  Undefined index: g-recaptcha-response in C:\wamp64\www\evergreenaa\_includes\footer-static.php on line 36
[13-Apr-2020 02:51:22 UTC] PHP Notice:  Undefined index: g-recaptcha-response in C:\wamp64\www\evergreenaa\_includes\footer-static.php on line 36
[13-Apr-2020 02:51:32 UTC] PHP Fatal error:  Uncaught Error: Call to a member function bind_param() on boolean in C:\wamp64\www\evergreenaa\controllers\authController.php:342
Stack trace:
#0 C:\wamp64\www\evergreenaa\edit-meeting.php(5): require_once()
#1 {main}
  thrown in C:\wamp64\www\evergreenaa\controllers\authController.php on line 342
[13-Apr-2020 02:53:28 UTC] PHP Notice:  Undefined index: g-recaptcha-response in C:\wamp64\www\evergreenaa\_includes\footer-static.php on line 36
[13-Apr-2020 02:53:32 UTC] PHP Fatal error:  Uncaught Error: Call to a member function bind_param() on boolean in C:\wamp64\www\evergreenaa\controllers\authController.php:342
Stack trace:
#0 C:\wamp64\www\evergreenaa\edit-meeting.php(5): require_once()
#1 {main}
  thrown in C:\wamp64\www\evergreenaa\controllers\authController.php on line 342
[13-Apr-2020 02:54:54 UTC] PHP Notice:  Undefined index: g-recaptcha-response in C:\wamp64\www\evergreenaa\_includes\footer-static.php on line 36
[13-Apr-2020 02:54:56 UTC] PHP Notice:  Undefined index: g-recaptcha-response in C:\wamp64\www\evergreenaa\_includes\footer-static.php on line 36
[13-Apr-2020 02:55:02 UTC] PHP Notice:  Undefined index: g-recaptcha-response in C:\wamp64\www\evergreenaa\_includes\footer-static.php on line 36
[13-Apr-2020 02:55:38 UTC] PHP Notice:  Undefined index: g-recaptcha-response in C:\wamp64\www\evergreenaa\_includes\footer-static.php on line 36
[13-Apr-2020 02:56:07 UTC] PHP Notice:  Undefined index: g-recaptcha-response in C:\wamp64\www\evergreenaa\_includes\footer-static.php on line 36
[13-Apr-2020 02:56:30 UTC] PHP Notice:  Undefined index: mtg in C:\wamp64\www\evergreenaa\edit-meeting.php on line 20
[13-Apr-2020 02:56:30 UTC] PHP Notice:  Undefined index: g-recaptcha-response in C:\wamp64\www\evergreenaa\_includes\footer-static.php on line 36
[13-Apr-2020 02:56:50 UTC] PHP Notice:  Undefined index: g-recaptcha-response in C:\wamp64\www\evergreenaa\_includes\footer.php on line 36
[13-Apr-2020 02:56:54 UTC] PHP Notice:  Undefined index: g-recaptcha-response in C:\wamp64\www\evergreenaa\_includes\footer-static.php on line 36
[13-Apr-2020 02:56:57 UTC] PHP Notice:  Undefined index: g-recaptcha-response in C:\wamp64\www\evergreenaa\_includes\footer-static.php on line 36
[13-Apr-2020 02:56:59 UTC] PHP Notice:  Undefined index: g-recaptcha-response in C:\wamp64\www\evergreenaa\_includes\footer-static.php on line 36
[13-Apr-2020 02:57:01 UTC] PHP Notice:  Undefined index: g-recaptcha-response in C:\wamp64\www\evergreenaa\_includes\footer.php on line 36
[13-Apr-2020 02:58:46 UTC] PHP Notice:  Undefined index: g-recaptcha-response in C:\wamp64\www\evergreenaa\_includes\footer-static.php on line 36
[13-Apr-2020 02:58:47 UTC] PHP Fatal error:  Uncaught Error: Call to a member function bind_param() on boolean in C:\wamp64\www\evergreenaa\controllers\authController.php:342
Stack trace:
#0 C:\wamp64\www\evergreenaa\edit-meeting.php(5): require_once()
#1 {main}
  thrown in C:\wamp64\www\evergreenaa\controllers\authController.php on line 342
[13-Apr-2020 02:59:09 UTC] PHP Notice:  Undefined index: g-recaptcha-response in C:\wamp64\www\evergreenaa\_includes\footer-static.php on line 36
[13-Apr-2020 02:59:11 UTC] PHP Fatal error:  Uncaught Error: Call to a member function bind_param() on boolean in C:\wamp64\www\evergreenaa\controllers\authController.php:342
Stack trace:
#0 C:\wamp64\www\evergreenaa\edit-meeting.php(5): require_once()
#1 {main}
  thrown in C:\wamp64\www\evergreenaa\controllers\authController.php on line 342
[13-Apr-2020 02:59:20 UTC] PHP Notice:  Undefined index: g-recaptcha-response in C:\wamp64\www\evergreenaa\_includes\footer-static.php on line 36
[13-Apr-2020 02:59:22 UTC] PHP Notice:  Undefined index: g-recaptcha-response in C:\wamp64\www\evergreenaa\_includes\footer-static.php on line 36
[13-Apr-2020 02:59:23 UTC] PHP Fatal error:  Uncaught Error: Call to a member function bind_param() on boolean in C:\wamp64\www\evergreenaa\controllers\authController.php:342
Stack trace:
#0 C:\wamp64\www\evergreenaa\edit-meeting.php(5): require_once()
#1 {main}
  thrown in C:\wamp64\www\evergreenaa\controllers\authController.php on line 342
[13-Apr-2020 03:01:14 UTC] PHP Notice:  Undefined index: g-recaptcha-response in C:\wamp64\www\evergreenaa\_includes\footer-static.php on line 36
[13-Apr-2020 03:01:16 UTC] PHP Fatal error:  Uncaught Error: Call to a member function bind_param() on boolean in C:\wamp64\www\evergreenaa\controllers\authController.php:342
Stack trace:
#0 C:\wamp64\www\evergreenaa\edit-meeting.php(5): require_once()
#1 {main}
  thrown in C:\wamp64\www\evergreenaa\controllers\authController.php on line 342
[13-Apr-2020 03:01:41 UTC] PHP Notice:  Undefined index: g-recaptcha-response in C:\wamp64\www\evergreenaa\_includes\footer-static.php on line 36
[13-Apr-2020 03:01:43 UTC] PHP Fatal error:  Uncaught Error: Call to a member function bind_param() on boolean in C:\wamp64\www\evergreenaa\controllers\authController.php:342
Stack trace:
#0 C:\wamp64\www\evergreenaa\edit-meeting.php(5): require_once()
#1 {main}
  thrown in C:\wamp64\www\evergreenaa\controllers\authController.php on line 342
[13-Apr-2020 03:02:22 UTC] PHP Notice:  Undefined index: g-recaptcha-response in C:\wamp64\www\evergreenaa\_includes\footer-static.php on line 36
[13-Apr-2020 03:02:23 UTC] PHP Fatal error:  Uncaught Error: Call to a member function bind_param() on boolean in C:\wamp64\www\evergreenaa\controllers\authController.php:342
Stack trace:
#0 C:\wamp64\www\evergreenaa\edit-meeting.php(5): require_once()
#1 {main}
  thrown in C:\wamp64\www\evergreenaa\controllers\authController.php on line 342
[13-Apr-2020 03:03:01 UTC] PHP Notice:  Undefined index: g-recaptcha-response in C:\wamp64\www\evergreenaa\_includes\footer-static.php on line 36
[13-Apr-2020 03:03:02 UTC] PHP Fatal error:  Uncaught Error: Call to a member function bind_param() on boolean in C:\wamp64\www\evergreenaa\controllers\authController.php:342
Stack trace:
#0 C:\wamp64\www\evergreenaa\edit-meeting.php(5): require_once()
#1 {main}
  thrown in C:\wamp64\www\evergreenaa\controllers\authController.php on line 342
[13-Apr-2020 03:04:00 UTC] PHP Notice:  Undefined index: g-recaptcha-response in C:\wamp64\www\evergreenaa\_includes\footer-static.php on line 36
[13-Apr-2020 03:04:02 UTC] PHP Fatal error:  Uncaught Error: Call to a member function bind_param() on boolean in C:\wamp64\www\evergreenaa\controllers\authController.php:343
Stack trace:
#0 C:\wamp64\www\evergreenaa\edit-meeting.php(5): require_once()
#1 {main}
  thrown in C:\wamp64\www\evergreenaa\controllers\authController.php on line 343
[13-Apr-2020 03:05:18 UTC] PHP Notice:  Undefined index: g-recaptcha-response in C:\wamp64\www\evergreenaa\_includes\footer-static.php on line 36
[13-Apr-2020 03:05:20 UTC] PHP Fatal error:  Uncaught Error: Call to a member function bind_param() on boolean in C:\wamp64\www\evergreenaa\controllers\authController.php:343
Stack trace:
#0 C:\wamp64\www\evergreenaa\edit-meeting.php(5): require_once()
#1 {main}
  thrown in C:\wamp64\www\evergreenaa\controllers\authController.php on line 343
[13-Apr-2020 03:30:42 UTC] PHP Notice:  Undefined index: g-recaptcha-response in C:\wamp64\www\evergreenaa\_includes\footer-static.php on line 36
[13-Apr-2020 03:30:49 UTC] PHP Notice:  Undefined index: g-recaptcha-response in C:\wamp64\www\evergreenaa\_includes\footer.php on line 36
[13-Apr-2020 03:30:54 UTC] PHP Notice:  Undefined index: g-recaptcha-response in C:\wamp64\www\evergreenaa\_includes\footer-static.php on line 36
[13-Apr-2020 03:30:57 UTC] PHP Fatal error:  Uncaught Error: Call to a member function execute() on boolean in C:\wamp64\www\evergreenaa\controllers\authController.php:345
Stack trace:
#0 C:\wamp64\www\evergreenaa\edit-meeting.php(5): require_once()
#1 {main}
  thrown in C:\wamp64\www\evergreenaa\controllers\authController.php on line 345
[13-Apr-2020 03:54:26 UTC] PHP Notice:  Undefined index: g-recaptcha-response in C:\wamp64\www\evergreenaa\_includes\footer-static.php on line 36
[13-Apr-2020 03:54:28 UTC] PHP Fatal error:  Uncaught Error: Call to a member function bind_param() on boolean in C:\wamp64\www\evergreenaa\controllers\authController.php:343
Stack trace:
#0 C:\wamp64\www\evergreenaa\edit-meeting.php(5): require_once()
#1 {main}
  thrown in C:\wamp64\www\evergreenaa\controllers\authController.php on line 343
[13-Apr-2020 03:55:46 UTC] PHP Notice:  Undefined index: g-recaptcha-response in C:\wamp64\www\evergreenaa\_includes\footer-static.php on line 36
[13-Apr-2020 03:55:47 UTC] PHP Fatal error:  Uncaught Error: Call to a member function bind_param() on boolean in C:\wamp64\www\evergreenaa\controllers\authController.php:343
Stack trace:
#0 C:\wamp64\www\evergreenaa\edit-meeting.php(5): require_once()
#1 {main}
  thrown in C:\wamp64\www\evergreenaa\controllers\authController.php on line 343
[13-Apr-2020 03:56:41 UTC] PHP Notice:  Undefined index: g-recaptcha-response in C:\wamp64\www\evergreenaa\_includes\footer-static.php on line 36
[13-Apr-2020 03:56:43 UTC] PHP Fatal error:  Uncaught Error: Call to a member function bind_param() on boolean in C:\wamp64\www\evergreenaa\controllers\authController.php:343
Stack trace:
#0 C:\wamp64\www\evergreenaa\edit-meeting.php(5): require_once()
#1 {main}
  thrown in C:\wamp64\www\evergreenaa\controllers\authController.php on line 343
[13-Apr-2020 03:57:19 UTC] PHP Notice:  Undefined index: g-recaptcha-response in C:\wamp64\www\evergreenaa\_includes\footer-static.php on line 36
[13-Apr-2020 03:57:20 UTC] PHP Fatal error:  Uncaught Error: Call to a member function bind_param() on boolean in C:\wamp64\www\evergreenaa\controllers\authController.php:343
Stack trace:
#0 C:\wamp64\www\evergreenaa\edit-meeting.php(5): require_once()
#1 {main}
  thrown in C:\wamp64\www\evergreenaa\controllers\authController.php on line 343
[13-Apr-2020 04:00:45 UTC] PHP Notice:  Undefined index: g-recaptcha-response in C:\wamp64\www\evergreenaa\_includes\footer-static.php on line 36
[13-Apr-2020 04:00:46 UTC] PHP Fatal error:  Uncaught Error: Call to a member function bind_param() on boolean in C:\wamp64\www\evergreenaa\controllers\authController.php:343
Stack trace:
#0 C:\wamp64\www\evergreenaa\edit-meeting.php(5): require_once()
#1 {main}
  thrown in C:\wamp64\www\evergreenaa\controllers\authController.php on line 343
[13-Apr-2020 04:01:49 UTC] PHP Notice:  Undefined index: g-recaptcha-response in C:\wamp64\www\evergreenaa\_includes\footer-static.php on line 36
[13-Apr-2020 04:01:51 UTC] PHP Fatal error:  Uncaught Error: Call to a member function bind_param() on boolean in C:\wamp64\www\evergreenaa\controllers\authController.php:348
Stack trace:
#0 C:\wamp64\www\evergreenaa\edit-meeting.php(5): require_once()
#1 {main}
  thrown in C:\wamp64\www\evergreenaa\controllers\authController.php on line 348
[13-Apr-2020 15:37:10 UTC] PHP Notice:  Undefined index: verified in C:\wamp64\www\evergreenaa\index.php on line 45
[13-Apr-2020 15:37:10 UTC] PHP Notice:  Undefined index: email in C:\wamp64\www\evergreenaa\index.php on line 47
[13-Apr-2020 15:37:10 UTC] PHP Notice:  Undefined index: verified in C:\wamp64\www\evergreenaa\index.php on line 53
[13-Apr-2020 15:37:10 UTC] PHP Notice:  Undefined index: g-recaptcha-response in C:\wamp64\www\evergreenaa\_includes\footer-static.php on line 36
[13-Apr-2020 15:37:11 UTC] PHP Notice:  Undefined index: g-recaptcha-response in C:\wamp64\www\evergreenaa\_includes\footer.php on line 36
[13-Apr-2020 15:37:14 UTC] PHP Notice:  Undefined index: g-recaptcha-response in C:\wamp64\www\evergreenaa\_includes\footer-static.php on line 36
[13-Apr-2020 15:37:21 UTC] PHP Notice:  Undefined index: g-recaptcha-response in C:\wamp64\www\evergreenaa\_includes\footer.php on line 36
[13-Apr-2020 15:37:23 UTC] PHP Notice:  Undefined index: verified in C:\wamp64\www\evergreenaa\index.php on line 45
[13-Apr-2020 15:37:23 UTC] PHP Notice:  Undefined index: email in C:\wamp64\www\evergreenaa\index.php on line 47
[13-Apr-2020 15:37:23 UTC] PHP Notice:  Undefined index: verified in C:\wamp64\www\evergreenaa\index.php on line 53
[13-Apr-2020 15:37:23 UTC] PHP Notice:  Undefined index: g-recaptcha-response in C:\wamp64\www\evergreenaa\_includes\footer-static.php on line 36
[13-Apr-2020 15:37:23 UTC] PHP Notice:  Undefined index: g-recaptcha-response in C:\wamp64\www\evergreenaa\_includes\footer.php on line 36
[13-Apr-2020 15:37:28 UTC] PHP Notice:  Undefined index: g-recaptcha-response in C:\wamp64\www\evergreenaa\_includes\footer-static.php on line 36
[13-Apr-2020 15:37:35 UTC] PHP Notice:  Undefined index: g-recaptcha-response in C:\wamp64\www\evergreenaa\_includes\footer.php on line 36
[13-Apr-2020 15:37:39 UTC] PHP Notice:  Undefined index: g-recaptcha-response in C:\wamp64\www\evergreenaa\_includes\footer-static.php on line 36
[13-Apr-2020 15:37:50 UTC] PHP Fatal error:  Uncaught Error: Call to a member function bind_param() on boolean in C:\wamp64\www\evergreenaa\controllers\authController.php:349
Stack trace:
#0 C:\wamp64\www\evergreenaa\edit-meeting.php(5): require_once()
#1 {main}
  thrown in C:\wamp64\www\evergreenaa\controllers\authController.php on line 349
[13-Apr-2020 15:38:13 UTC] PHP Notice:  Undefined index: g-recaptcha-response in C:\wamp64\www\evergreenaa\_includes\footer-static.php on line 36
[13-Apr-2020 15:38:16 UTC] PHP Fatal error:  Uncaught Error: Call to a member function bind_param() on boolean in C:\wamp64\www\evergreenaa\controllers\authController.php:349
Stack trace:
#0 C:\wamp64\www\evergreenaa\edit-meeting.php(5): require_once()
#1 {main}
  thrown in C:\wamp64\www\evergreenaa\controllers\authController.php on line 349
[13-Apr-2020 15:38:56 UTC] PHP Notice:  Undefined index: message in C:\wamp64\www\evergreenaa\index.php on line 16
[13-Apr-2020 15:38:56 UTC] PHP Notice:  Undefined index: g-recaptcha-response in C:\wamp64\www\evergreenaa\_includes\footer-static.php on line 36
[13-Apr-2020 15:38:56 UTC] PHP Notice:  Undefined index: g-recaptcha-response in C:\wamp64\www\evergreenaa\_includes\footer.php on line 36
[13-Apr-2020 15:39:01 UTC] PHP Notice:  Undefined index: g-recaptcha-response in C:\wamp64\www\evergreenaa\_includes\footer-static.php on line 36
[13-Apr-2020 15:40:20 UTC] PHP Notice:  Undefined index: g-recaptcha-response in C:\wamp64\www\evergreenaa\_includes\footer.php on line 36
[13-Apr-2020 15:40:23 UTC] PHP Notice:  Undefined index: g-recaptcha-response in C:\wamp64\www\evergreenaa\_includes\footer-static.php on line 36
[13-Apr-2020 15:40:29 UTC] PHP Notice:  Undefined index: g-recaptcha-response in C:\wamp64\www\evergreenaa\_includes\footer.php on line 36
[13-Apr-2020 15:40:37 UTC] PHP Notice:  Undefined index: g-recaptcha-response in C:\wamp64\www\evergreenaa\_includes\footer.php on line 36
[13-Apr-2020 15:41:08 UTC] PHP Notice:  Undefined index: g-recaptcha-response in C:\wamp64\www\evergreenaa\_includes\footer-static.php on line 36
[13-Apr-2020 15:41:14 UTC] PHP Fatal error:  Uncaught Error: Call to a member function bind_param() on boolean in C:\wamp64\www\evergreenaa\controllers\authController.php:349
Stack trace:
#0 C:\wamp64\www\evergreenaa\edit-meeting.php(5): require_once()
#1 {main}
  thrown in C:\wamp64\www\evergreenaa\controllers\authController.php on line 349
[13-Apr-2020 15:44:17 UTC] PHP Notice:  Undefined index: g-recaptcha-response in C:\wamp64\www\evergreenaa\_includes\footer-static.php on line 36
[13-Apr-2020 15:44:20 UTC] PHP Notice:  Undefined index: g-recaptcha-response in C:\wamp64\www\evergreenaa\_includes\footer.php on line 36
[13-Apr-2020 15:44:22 UTC] PHP Notice:  Undefined index: g-recaptcha-response in C:\wamp64\www\evergreenaa\_includes\footer-static.php on line 36
[13-Apr-2020 15:44:24 UTC] PHP Fatal error:  Uncaught Error: Call to a member function bind_param() on boolean in C:\wamp64\www\evergreenaa\controllers\authController.php:349
Stack trace:
#0 C:\wamp64\www\evergreenaa\edit-meeting.php(5): require_once()
#1 {main}
  thrown in C:\wamp64\www\evergreenaa\controllers\authController.php on line 349
[13-Apr-2020 15:52:44 UTC] PHP Notice:  Undefined index: g-recaptcha-response in C:\wamp64\www\evergreenaa\_includes\footer-static.php on line 36
[13-Apr-2020 15:52:46 UTC] PHP Notice:  Undefined index: g-recaptcha-response in C:\wamp64\www\evergreenaa\_includes\footer.php on line 36
[13-Apr-2020 15:52:48 UTC] PHP Notice:  Undefined index: g-recaptcha-response in C:\wamp64\www\evergreenaa\_includes\footer-static.php on line 36
[13-Apr-2020 15:52:49 UTC] PHP Fatal error:  Uncaught Error: Call to a member function bind_param() on boolean in C:\wamp64\www\evergreenaa\controllers\authController.php:349
Stack trace:
#0 C:\wamp64\www\evergreenaa\edit-meeting.php(5): require_once()
#1 {main}
  thrown in C:\wamp64\www\evergreenaa\controllers\authController.php on line 349
[13-Apr-2020 15:53:19 UTC] PHP Notice:  Undefined index: g-recaptcha-response in C:\wamp64\www\evergreenaa\_includes\footer-static.php on line 36
[13-Apr-2020 15:53:21 UTC] PHP Notice:  Undefined index: g-recaptcha-response in C:\wamp64\www\evergreenaa\_includes\footer.php on line 36
[13-Apr-2020 16:03:06 UTC] PHP Notice:  Undefined index: g-recaptcha-response in C:\wamp64\www\evergreenaa\_includes\footer.php on line 36
[13-Apr-2020 16:03:11 UTC] PHP Notice:  Undefined index: g-recaptcha-response in C:\wamp64\www\evergreenaa\_includes\footer.php on line 36
[13-Apr-2020 16:03:14 UTC] PHP Notice:  Undefined index: g-recaptcha-response in C:\wamp64\www\evergreenaa\_includes\footer-static.php on line 36
[13-Apr-2020 16:03:15 UTC] PHP Fatal error:  Uncaught Error: Call to a member function bind_param() on boolean in C:\wamp64\www\evergreenaa\controllers\authController.php:349
Stack trace:
#0 C:\wamp64\www\evergreenaa\edit-meeting.php(5): require_once()
#1 {main}
  thrown in C:\wamp64\www\evergreenaa\controllers\authController.php on line 349
[13-Apr-2020 16:03:28 UTC] PHP Notice:  Undefined index: g-recaptcha-response in C:\wamp64\www\evergreenaa\_includes\footer-static.php on line 36
[13-Apr-2020 16:03:32 UTC] PHP Notice:  Undefined index: g-recaptcha-response in C:\wamp64\www\evergreenaa\_includes\footer.php on line 36
[13-Apr-2020 16:03:56 UTC] PHP Notice:  Undefined index: g-recaptcha-response in C:\wamp64\www\evergreenaa\_includes\footer.php on line 36
[13-Apr-2020 16:03:57 UTC] PHP Notice:  Undefined index: g-recaptcha-response in C:\wamp64\www\evergreenaa\_includes\footer-static.php on line 36
[13-Apr-2020 16:04:05 UTC] PHP Notice:  Undefined index: g-recaptcha-response in C:\wamp64\www\evergreenaa\_includes\footer.php on line 36
[13-Apr-2020 16:04:08 UTC] PHP Notice:  Undefined index: g-recaptcha-response in C:\wamp64\www\evergreenaa\_includes\footer-static.php on line 36
[13-Apr-2020 16:04:13 UTC] PHP Fatal error:  Uncaught Error: Call to a member function bind_param() on boolean in C:\wamp64\www\evergreenaa\controllers\authController.php:349
Stack trace:
#0 C:\wamp64\www\evergreenaa\edit-meeting.php(5): require_once()
#1 {main}
  thrown in C:\wamp64\www\evergreenaa\controllers\authController.php on line 349
[13-Apr-2020 16:04:16 UTC] PHP Notice:  Undefined index: g-recaptcha-response in C:\wamp64\www\evergreenaa\_includes\footer-static.php on line 36
[13-Apr-2020 16:04:18 UTC] PHP Notice:  Undefined index: g-recaptcha-response in C:\wamp64\www\evergreenaa\_includes\footer.php on line 36
[13-Apr-2020 16:05:41 UTC] PHP Notice:  Undefined index: g-recaptcha-response in C:\wamp64\www\evergreenaa\_includes\footer.php on line 36
[13-Apr-2020 16:05:44 UTC] PHP Notice:  Undefined index: g-recaptcha-response in C:\wamp64\www\evergreenaa\_includes\footer-static.php on line 36
[13-Apr-2020 16:06:35 UTC] PHP Notice:  Undefined index: g-recaptcha-response in C:\wamp64\www\evergreenaa\_includes\footer-static.php on line 36
[13-Apr-2020 16:06:56 UTC] PHP Notice:  Undefined index: g-recaptcha-response in C:\wamp64\www\evergreenaa\_includes\footer-static.php on line 36
[13-Apr-2020 16:07:29 UTC] PHP Notice:  Undefined index: g-recaptcha-response in C:\wamp64\www\evergreenaa\_includes\footer-static.php on line 36
[13-Apr-2020 16:07:40 UTC] PHP Notice:  Undefined index: g-recaptcha-response in C:\wamp64\www\evergreenaa\_includes\footer-static.php on line 36
[13-Apr-2020 16:07:50 UTC] PHP Fatal error:  Uncaught Error: Call to a member function bind_param() on boolean in C:\wamp64\www\evergreenaa\controllers\authController.php:349
Stack trace:
#0 C:\wamp64\www\evergreenaa\edit-meeting.php(5): require_once()
#1 {main}
  thrown in C:\wamp64\www\evergreenaa\controllers\authController.php on line 349
[13-Apr-2020 16:07:53 UTC] PHP Notice:  Undefined index: g-recaptcha-response in C:\wamp64\www\evergreenaa\_includes\footer-static.php on line 36
[13-Apr-2020 16:09:37 UTC] PHP Fatal error:  Uncaught Error: Call to a member function bind_param() on boolean in C:\wamp64\www\evergreenaa\controllers\authController.php:349
Stack trace:
#0 C:\wamp64\www\evergreenaa\edit-meeting.php(5): require_once()
#1 {main}
  thrown in C:\wamp64\www\evergreenaa\controllers\authController.php on line 349
[13-Apr-2020 16:09:39 UTC] PHP Notice:  Undefined index: g-recaptcha-response in C:\wamp64\www\evergreenaa\_includes\footer-static.php on line 36
[13-Apr-2020 16:09:44 UTC] PHP Notice:  Undefined index: g-recaptcha-response in C:\wamp64\www\evergreenaa\_includes\footer-static.php on line 36
[13-Apr-2020 16:09:46 UTC] PHP Fatal error:  Uncaught Error: Call to a member function bind_param() on boolean in C:\wamp64\www\evergreenaa\controllers\authController.php:349
Stack trace:
#0 C:\wamp64\www\evergreenaa\edit-meeting.php(5): require_once()
#1 {main}
  thrown in C:\wamp64\www\evergreenaa\controllers\authController.php on line 349
[13-Apr-2020 16:09:48 UTC] PHP Notice:  Undefined index: g-recaptcha-response in C:\wamp64\www\evergreenaa\_includes\footer-static.php on line 36
[13-Apr-2020 16:09:48 UTC] PHP Notice:  Undefined index: g-recaptcha-response in C:\wamp64\www\evergreenaa\_includes\footer.php on line 36
[13-Apr-2020 16:10:55 UTC] PHP Notice:  Undefined index: g-recaptcha-response in C:\wamp64\www\evergreenaa\_includes\footer-static.php on line 36
[13-Apr-2020 16:10:56 UTC] PHP Fatal error:  Uncaught Error: Call to a member function bind_param() on boolean in C:\wamp64\www\evergreenaa\controllers\authController.php:349
Stack trace:
#0 C:\wamp64\www\evergreenaa\edit-meeting.php(5): require_once()
#1 {main}
  thrown in C:\wamp64\www\evergreenaa\controllers\authController.php on line 349
[13-Apr-2020 16:11:15 UTC] PHP Notice:  Undefined index: g-recaptcha-response in C:\wamp64\www\evergreenaa\_includes\footer-static.php on line 36
[13-Apr-2020 16:12:20 UTC] PHP Fatal error:  Uncaught Error: Call to a member function bind_param() on boolean in C:\wamp64\www\evergreenaa\controllers\authController.php:349
Stack trace:
#0 C:\wamp64\www\evergreenaa\edit-meeting.php(5): require_once()
#1 {main}
  thrown in C:\wamp64\www\evergreenaa\controllers\authController.php on line 349
[13-Apr-2020 16:12:43 UTC] PHP Notice:  Undefined index: g-recaptcha-response in C:\wamp64\www\evergreenaa\_includes\footer-static.php on line 36
[13-Apr-2020 16:12:44 UTC] PHP Notice:  Undefined variable: mysqli in C:\wamp64\www\evergreenaa\controllers\authController.php on line 349
[13-Apr-2020 16:12:44 UTC] PHP Notice:  Trying to get property of non-object in C:\wamp64\www\evergreenaa\controllers\authController.php on line 349
[13-Apr-2020 16:14:09 UTC] PHP Notice:  Undefined index: g-recaptcha-response in C:\wamp64\www\evergreenaa\_includes\footer-static.php on line 36
[13-Apr-2020 16:14:12 UTC] PHP Notice:  Undefined index: g-recaptcha-response in C:\wamp64\www\evergreenaa\_includes\footer-static.php on line 36
[13-Apr-2020 16:14:34 UTC] PHP Notice:  Undefined index: g-recaptcha-response in C:\wamp64\www\evergreenaa\_includes\footer-static.php on line 36
[13-Apr-2020 16:14:34 UTC] PHP Notice:  Undefined index: g-recaptcha-response in C:\wamp64\www\evergreenaa\_includes\footer.php on line 36
[13-Apr-2020 16:14:36 UTC] PHP Notice:  Undefined index: g-recaptcha-response in C:\wamp64\www\evergreenaa\_includes\footer-static.php on line 36
[13-Apr-2020 16:14:38 UTC] PHP Notice:  Undefined variable: mysqli in C:\wamp64\www\evergreenaa\controllers\authController.php on line 349
[13-Apr-2020 16:14:38 UTC] PHP Notice:  Trying to get property of non-object in C:\wamp64\www\evergreenaa\controllers\authController.php on line 349
[13-Apr-2020 16:15:01 UTC] PHP Notice:  Undefined index: g-recaptcha-response in C:\wamp64\www\evergreenaa\_includes\footer-static.php on line 36
[13-Apr-2020 16:15:02 UTC] PHP Notice:  Undefined index: g-recaptcha-response in C:\wamp64\www\evergreenaa\_includes\footer-static.php on line 36
[13-Apr-2020 16:15:07 UTC] PHP Notice:  Undefined index: g-recaptcha-response in C:\wamp64\www\evergreenaa\_includes\footer-static.php on line 36
[13-Apr-2020 16:15:07 UTC] PHP Notice:  Undefined index: g-recaptcha-response in C:\wamp64\www\evergreenaa\_includes\footer.php on line 36
[13-Apr-2020 16:15:15 UTC] PHP Notice:  Undefined index: g-recaptcha-response in C:\wamp64\www\evergreenaa\_includes\footer-static.php on line 36
[13-Apr-2020 16:15:17 UTC] PHP Notice:  Undefined variable: mysqli in C:\wamp64\www\evergreenaa\controllers\authController.php on line 349
[13-Apr-2020 16:15:17 UTC] PHP Notice:  Trying to get property of non-object in C:\wamp64\www\evergreenaa\controllers\authController.php on line 349
[13-Apr-2020 16:17:13 UTC] PHP Notice:  Undefined index: g-recaptcha-response in C:\wamp64\www\evergreenaa\_includes\footer-static.php on line 36
[13-Apr-2020 16:17:15 UTC] PHP Notice:  Undefined variable: meeting in C:\wamp64\www\evergreenaa\controllers\authController.php on line 332
[13-Apr-2020 16:17:15 UTC] PHP Notice:  Undefined variable: mysqli in C:\wamp64\www\evergreenaa\controllers\authController.php on line 349
[13-Apr-2020 16:17:15 UTC] PHP Notice:  Trying to get property of non-object in C:\wamp64\www\evergreenaa\controllers\authController.php on line 349
[13-Apr-2020 16:17:28 UTC] PHP Notice:  Undefined index: g-recaptcha-response in C:\wamp64\www\evergreenaa\_includes\footer-static.php on line 36
[13-Apr-2020 16:17:30 UTC] PHP Notice:  Undefined variable: mysqli in C:\wamp64\www\evergreenaa\controllers\authController.php on line 349
[13-Apr-2020 16:17:30 UTC] PHP Notice:  Trying to get property of non-object in C:\wamp64\www\evergreenaa\controllers\authController.php on line 349
[13-Apr-2020 16:18:06 UTC] PHP Notice:  Undefined index: g-recaptcha-response in C:\wamp64\www\evergreenaa\_includes\footer-static.php on line 36
[13-Apr-2020 16:18:07 UTC] PHP Notice:  Undefined variable: mysqli in C:\wamp64\www\evergreenaa\controllers\authController.php on line 351
[13-Apr-2020 16:18:07 UTC] PHP Notice:  Trying to get property of non-object in C:\wamp64\www\evergreenaa\controllers\authController.php on line 351
[13-Apr-2020 16:20:34 UTC] PHP Notice:  Undefined index: g-recaptcha-response in C:\wamp64\www\evergreenaa\_includes\footer-static.php on line 36
[13-Apr-2020 16:20:35 UTC] PHP Notice:  Undefined variable: mysqli in C:\wamp64\www\evergreenaa\controllers\authController.php on line 351
[13-Apr-2020 16:20:35 UTC] PHP Notice:  Trying to get property of non-object in C:\wamp64\www\evergreenaa\controllers\authController.php on line 351
[13-Apr-2020 16:21:49 UTC] PHP Notice:  Undefined index: g-recaptcha-response in C:\wamp64\www\evergreenaa\_includes\footer-static.php on line 36
[13-Apr-2020 16:21:51 UTC] PHP Notice:  Undefined variable: mysqli in C:\wamp64\www\evergreenaa\controllers\authController.php on line 351
[13-Apr-2020 16:21:51 UTC] PHP Notice:  Trying to get property of non-object in C:\wamp64\www\evergreenaa\controllers\authController.php on line 351
[13-Apr-2020 16:24:59 UTC] PHP Notice:  Undefined index: g-recaptcha-response in C:\wamp64\www\evergreenaa\_includes\footer-static.php on line 36
[13-Apr-2020 16:25:00 UTC] PHP Notice:  Undefined variable: mysqli in C:\wamp64\www\evergreenaa\controllers\authController.php on line 351
[13-Apr-2020 16:25:00 UTC] PHP Notice:  Trying to get property of non-object in C:\wamp64\www\evergreenaa\controllers\authController.php on line 351
[13-Apr-2020 16:25:12 UTC] PHP Notice:  Undefined index: g-recaptcha-response in C:\wamp64\www\evergreenaa\_includes\footer-static.php on line 36
[13-Apr-2020 16:25:13 UTC] PHP Notice:  Undefined variable: mysqli in C:\wamp64\www\evergreenaa\controllers\authController.php on line 351
[13-Apr-2020 16:25:13 UTC] PHP Notice:  Trying to get property of non-object in C:\wamp64\www\evergreenaa\controllers\authController.php on line 351
[13-Apr-2020 16:25:15 UTC] PHP Notice:  Undefined index: g-recaptcha-response in C:\wamp64\www\evergreenaa\_includes\footer-static.php on line 36
[13-Apr-2020 16:26:21 UTC] PHP Notice:  Undefined variable: mysqli in C:\wamp64\www\evergreenaa\controllers\authController.php on line 351
[13-Apr-2020 16:26:21 UTC] PHP Notice:  Trying to get property of non-object in C:\wamp64\www\evergreenaa\controllers\authController.php on line 351
[13-Apr-2020 16:26:38 UTC] PHP Notice:  Undefined index: g-recaptcha-response in C:\wamp64\www\evergreenaa\_includes\footer-static.php on line 36
[13-Apr-2020 16:26:40 UTC] PHP Notice:  Undefined variable: mysqli in C:\wamp64\www\evergreenaa\controllers\authController.php on line 351
[13-Apr-2020 16:26:40 UTC] PHP Notice:  Trying to get property of non-object in C:\wamp64\www\evergreenaa\controllers\authController.php on line 351
[13-Apr-2020 16:26:54 UTC] PHP Notice:  Undefined index: g-recaptcha-response in C:\wamp64\www\evergreenaa\_includes\footer-static.php on line 36
[13-Apr-2020 16:26:55 UTC] PHP Notice:  Undefined variable: mysqli in C:\wamp64\www\evergreenaa\controllers\authController.php on line 351
[13-Apr-2020 16:26:55 UTC] PHP Notice:  Trying to get property of non-object in C:\wamp64\www\evergreenaa\controllers\authController.php on line 351
[13-Apr-2020 16:26:55 UTC] PHP Warning:  A non-numeric value encountered in C:\wamp64\www\evergreenaa\controllers\authController.php on line 351
[13-Apr-2020 16:27:08 UTC] PHP Notice:  Undefined index: g-recaptcha-response in C:\wamp64\www\evergreenaa\_includes\footer-static.php on line 36
[13-Apr-2020 16:27:10 UTC] PHP Notice:  Undefined variable: mysqli in C:\wamp64\www\evergreenaa\controllers\authController.php on line 351
[13-Apr-2020 16:27:10 UTC] PHP Notice:  Trying to get property of non-object in C:\wamp64\www\evergreenaa\controllers\authController.php on line 351
[13-Apr-2020 16:27:29 UTC] PHP Notice:  Undefined variable: mysqli in C:\wamp64\www\evergreenaa\controllers\authController.php on line 351
[13-Apr-2020 16:27:29 UTC] PHP Notice:  Trying to get property of non-object in C:\wamp64\www\evergreenaa\controllers\authController.php on line 351
[13-Apr-2020 16:28:13 UTC] PHP Notice:  Undefined variable: mysqli in C:\wamp64\www\evergreenaa\controllers\authController.php on line 351
[13-Apr-2020 16:28:13 UTC] PHP Notice:  Trying to get property of non-object in C:\wamp64\www\evergreenaa\controllers\authController.php on line 351
[13-Apr-2020 16:28:53 UTC] PHP Notice:  Undefined variable: foo in C:\wamp64\www\evergreenaa\controllers\authController.php on line 351
[13-Apr-2020 16:28:53 UTC] PHP Notice:  Trying to get property of non-object in C:\wamp64\www\evergreenaa\controllers\authController.php on line 351
[13-Apr-2020 16:29:02 UTC] PHP Notice:  Undefined variable: mysqli in C:\wamp64\www\evergreenaa\controllers\authController.php on line 351
[13-Apr-2020 16:29:02 UTC] PHP Notice:  Trying to get property of non-object in C:\wamp64\www\evergreenaa\controllers\authController.php on line 351
[13-Apr-2020 16:29:20 UTC] PHP Notice:  Undefined index: g-recaptcha-response in C:\wamp64\www\evergreenaa\_includes\footer-static.php on line 36
[13-Apr-2020 16:29:56 UTC] PHP Parse error:  syntax error, unexpected '->' (T_OBJECT_OPERATOR), expecting ',' or ';' in C:\wamp64\www\evergreenaa\controllers\authController.php on line 351
[13-Apr-2020 16:30:14 UTC] PHP Notice:  Undefined property: mysqli_stmt::$bind_param in C:\wamp64\www\evergreenaa\controllers\authController.php on line 351
[13-Apr-2020 16:30:14 UTC] PHP Notice:  Trying to get property of non-object in C:\wamp64\www\evergreenaa\controllers\authController.php on line 351
[13-Apr-2020 16:31:41 UTC] PHP Notice:  Undefined variable: mysqli in C:\wamp64\www\evergreenaa\controllers\authController.php on line 349
[13-Apr-2020 16:31:41 UTC] PHP Notice:  Trying to get property of non-object in C:\wamp64\www\evergreenaa\controllers\authController.php on line 349
[13-Apr-2020 16:32:12 UTC] PHP Notice:  Undefined index: g-recaptcha-response in C:\wamp64\www\evergreenaa\_includes\footer-static.php on line 36
[13-Apr-2020 16:32:53 UTC] PHP Notice:  Use of undefined constant error - assumed 'error' in C:\wamp64\www\evergreenaa\controllers\authController.php on line 349
[13-Apr-2020 16:33:48 UTC] PHP Notice:  Undefined property: mysqli_stmt::$bind_param in C:\wamp64\www\evergreenaa\controllers\authController.php on line 350
[13-Apr-2020 16:33:48 UTC] PHP Notice:  Trying to get property of non-object in C:\wamp64\www\evergreenaa\controllers\authController.php on line 350
[13-Apr-2020 16:42:25 UTC] PHP Notice:  Undefined index: g-recaptcha-response in C:\wamp64\www\evergreenaa\_includes\footer-static.php on line 36
[13-Apr-2020 16:42:26 UTC] PHP Notice:  Undefined index: g-recaptcha-response in C:\wamp64\www\evergreenaa\_includes\footer.php on line 36
[13-Apr-2020 16:42:27 UTC] PHP Notice:  Undefined index: verified in C:\wamp64\www\evergreenaa\index.php on line 45
[13-Apr-2020 16:42:27 UTC] PHP Notice:  Undefined index: email in C:\wamp64\www\evergreenaa\index.php on line 47
[13-Apr-2020 16:42:27 UTC] PHP Notice:  Undefined index: verified in C:\wamp64\www\evergreenaa\index.php on line 53
[13-Apr-2020 16:42:27 UTC] PHP Notice:  Undefined index: g-recaptcha-response in C:\wamp64\www\evergreenaa\_includes\footer-static.php on line 36
[13-Apr-2020 16:42:27 UTC] PHP Notice:  Undefined index: g-recaptcha-response in C:\wamp64\www\evergreenaa\_includes\footer.php on line 36
[13-Apr-2020 16:42:28 UTC] PHP Notice:  Undefined index: g-recaptcha-response in C:\wamp64\www\evergreenaa\_includes\footer-static.php on line 36
[13-Apr-2020 16:42:51 UTC] PHP Notice:  Undefined index: g-recaptcha-response in C:\wamp64\www\evergreenaa\_includes\footer-static.php on line 36
[13-Apr-2020 17:19:31 UTC] PHP Notice:  Undefined index: g-recaptcha-response in C:\wamp64\www\evergreenaa\_includes\footer-static.php on line 36
[13-Apr-2020 17:19:39 UTC] PHP Notice:  Undefined index: g-recaptcha-response in C:\wamp64\www\evergreenaa\_includes\footer-static.php on line 36
[13-Apr-2020 17:29:17 UTC] PHP Notice:  Undefined index: g-recaptcha-response in C:\wamp64\www\evergreenaa\_includes\footer.php on line 36
[13-Apr-2020 17:37:38 UTC] PHP Notice:  Undefined index: g-recaptcha-response in C:\wamp64\www\evergreenaa\_includes\footer.php on line 36
[13-Apr-2020 17:37:41 UTC] PHP Notice:  Undefined index: g-recaptcha-response in C:\wamp64\www\evergreenaa\_includes\footer-static.php on line 36
[13-Apr-2020 17:50:10 UTC] PHP Notice:  Undefined index: g-recaptcha-response in C:\wamp64\www\evergreenaa\_includes\footer-static.php on line 36
[13-Apr-2020 17:50:10 UTC] PHP Notice:  Undefined index: g-recaptcha-response in C:\wamp64\www\evergreenaa\_includes\footer.php on line 36
[13-Apr-2020 17:53:13 UTC] PHP Notice:  Undefined index: g-recaptcha-response in C:\wamp64\www\evergreenaa\_includes\footer.php on line 36
[13-Apr-2020 17:53:13 UTC] PHP Notice:  Undefined index: g-recaptcha-response in C:\wamp64\www\evergreenaa\_includes\footer-static.php on line 36
[13-Apr-2020 17:53:17 UTC] PHP Notice:  Undefined index: g-recaptcha-response in C:\wamp64\www\evergreenaa\_includes\footer-static.php on line 36
[13-Apr-2020 17:53:39 UTC] PHP Notice:  Undefined index: g-recaptcha-response in C:\wamp64\www\evergreenaa\_includes\footer.php on line 36
[13-Apr-2020 17:54:42 UTC] PHP Notice:  Undefined index: g-recaptcha-response in C:\wamp64\www\evergreenaa\_includes\footer.php on line 36
[13-Apr-2020 17:54:42 UTC] PHP Notice:  Undefined index: g-recaptcha-response in C:\wamp64\www\evergreenaa\_includes\footer.php on line 36
[13-Apr-2020 18:01:04 UTC] PHP Notice:  Undefined index: g-recaptcha-response in C:\wamp64\www\evergreenaa\_includes\footer.php on line 36
[13-Apr-2020 18:01:04 UTC] PHP Notice:  Undefined index: g-recaptcha-response in C:\wamp64\www\evergreenaa\_includes\footer.php on line 36
[13-Apr-2020 18:21:19 UTC] PHP Notice:  Undefined index: g-recaptcha-response in C:\wamp64\www\evergreenaa\_includes\footer-static.php on line 36
[13-Apr-2020 20:32:41 UTC] PHP Notice:  Undefined index: message in C:\wamp64\www\evergreenaa\index.php on line 16
[13-Apr-2020 20:32:56 UTC] PHP Fatal error:  Uncaught Error: Cannot pass parameter 2 by reference in C:\wamp64\www\evergreenaa\controllers\authController.php:349
Stack trace:
#0 C:\wamp64\www\evergreenaa\edit-meeting.php(5): require_once()
#1 {main}
  thrown in C:\wamp64\www\evergreenaa\controllers\authController.php on line 349
[13-Apr-2020 21:31:10 UTC] PHP Notice:  Undefined index: message in C:\wamp64\www\evergreenaa\index.php on line 16
[13-Apr-2020 21:31:15 UTC] PHP Fatal error:  Uncaught Error: Call to undefined method mysqli_stmt::bindParam() in C:\wamp64\www\evergreenaa\controllers\authController.php:349
Stack trace:
#0 C:\wamp64\www\evergreenaa\edit-meeting.php(5): require_once()
#1 {main}
  thrown in C:\wamp64\www\evergreenaa\controllers\authController.php on line 349
[13-Apr-2020 21:31:32 UTC] PHP Fatal error:  Uncaught Error: Call to undefined method mysqli_stmt::bind_value() in C:\wamp64\www\evergreenaa\controllers\authController.php:349
Stack trace:
#0 C:\wamp64\www\evergreenaa\edit-meeting.php(5): require_once()
#1 {main}
  thrown in C:\wamp64\www\evergreenaa\controllers\authController.php on line 349
[13-Apr-2020 21:37:37 UTC] PHP Parse error:  syntax error, unexpected end of file in C:\wamp64\www\evergreenaa\controllers\authController.php on line 347
[13-Apr-2020 21:38:33 UTC] PHP Notice:  Undefined index: verified in C:\wamp64\www\evergreenaa\index.php on line 45
[13-Apr-2020 21:38:33 UTC] PHP Notice:  Undefined index: email in C:\wamp64\www\evergreenaa\index.php on line 47
[13-Apr-2020 21:38:33 UTC] PHP Notice:  Undefined index: verified in C:\wamp64\www\evergreenaa\index.php on line 53
[13-Apr-2020 21:39:11 UTC] PHP Notice:  Undefined property: mysqli_stmt::$bind_param in C:\wamp64\www\evergreenaa\controllers\authController.php on line 352
[13-Apr-2020 21:39:11 UTC] PHP Notice:  Trying to get property of non-object in C:\wamp64\www\evergreenaa\controllers\authController.php on line 352
[13-Apr-2020 22:14:13 UTC] PHP Fatal error:  Uncaught Error: Call to undefined method mysqli_stmt::mysqli_query() in C:\wamp64\www\evergreenaa\controllers\authController.php:349
Stack trace:
#0 C:\wamp64\www\evergreenaa\edit-meeting.php(5): require_once()
#1 {main}
  thrown in C:\wamp64\www\evergreenaa\controllers\authController.php on line 349
[13-Apr-2020 22:55:48 UTC] PHP Parse error:  syntax error, unexpected 'text' (T_STRING), expecting ',' or ';' in C:\wamp64\www\evergreenaa\_includes\footer.php on line 252
[13-Apr-2020 22:56:10 UTC] PHP Parse error:  syntax error, unexpected 'text' (T_STRING), expecting ',' or ';' in C:\wamp64\www\evergreenaa\_includes\footer.php on line 252
[13-Apr-2020 22:57:35 UTC] PHP Parse error:  syntax error, unexpected 'break' (T_BREAK) in C:\wamp64\www\evergreenaa\_includes\footer.php on line 247
[13-Apr-2020 22:58:02 UTC] PHP Parse error:  syntax error, unexpected 'break' (T_BREAK) in C:\wamp64\www\evergreenaa\_includes\footer.php on line 232
[13-Apr-2020 22:58:14 UTC] PHP Parse error:  syntax error, unexpected 'break' (T_BREAK) in C:\wamp64\www\evergreenaa\_includes\footer.php on line 232
[13-Apr-2020 22:58:40 UTC] PHP Parse error:  syntax error, unexpected 'break' (T_BREAK) in C:\wamp64\www\evergreenaa\_includes\footer.php on line 232
[13-Apr-2020 22:59:32 UTC] PHP Parse error:  syntax error, unexpected 'break' (T_BREAK), expecting ',' or ';' in C:\wamp64\www\evergreenaa\_includes\footer.php on line 232
[13-Apr-2020 23:00:26 UTC] PHP Parse error:  syntax error, unexpected 'echo' (T_ECHO) in C:\wamp64\www\evergreenaa\_includes\footer.php on line 237
[13-Apr-2020 23:00:42 UTC] PHP Parse error:  syntax error, unexpected 'echo' (T_ECHO) in C:\wamp64\www\evergreenaa\_includes\footer.php on line 237
[13-Apr-2020 23:01:32 UTC] PHP Parse error:  syntax error, unexpected 'echo' (T_ECHO) in C:\wamp64\www\evergreenaa\_includes\footer.php on line 237
[13-Apr-2020 23:06:37 UTC] PHP Notice:  Undefined index: verified in C:\wamp64\www\evergreenaa\index.php on line 45
[13-Apr-2020 23:06:37 UTC] PHP Notice:  Undefined index: email in C:\wamp64\www\evergreenaa\index.php on line 47
[13-Apr-2020 23:06:37 UTC] PHP Notice:  Undefined index: verified in C:\wamp64\www\evergreenaa\index.php on line 53
[13-Apr-2020 23:07:56 UTC] PHP Warning:  require(_includes/footer-static.php): failed to open stream: No such file or directory in C:\wamp64\www\evergreenaa\login.php on line 55
[13-Apr-2020 23:07:56 UTC] PHP Fatal error:  require(): Failed opening required '_includes/footer-static.php' (include_path='.;C:\php\pear') in C:\wamp64\www\evergreenaa\login.php on line 55
[14-Apr-2020 01:11:28 UTC] PHP Notice:  Undefined index: verified in C:\wamp64\www\evergreenaa\index.php on line 45
[14-Apr-2020 01:11:28 UTC] PHP Notice:  Undefined index: email in C:\wamp64\www\evergreenaa\index.php on line 47
[14-Apr-2020 01:11:28 UTC] PHP Notice:  Undefined index: verified in C:\wamp64\www\evergreenaa\index.php on line 53
[14-Apr-2020 01:13:19 UTC] PHP Notice:  Undefined index: verified in C:\wamp64\www\evergreenaa\index.php on line 45
[14-Apr-2020 01:13:19 UTC] PHP Notice:  Undefined index: email in C:\wamp64\www\evergreenaa\index.php on line 47
[14-Apr-2020 01:13:19 UTC] PHP Notice:  Undefined index: verified in C:\wamp64\www\evergreenaa\index.php on line 53
[14-Apr-2020 02:58:43 UTC] PHP Notice:  Undefined index: verified in C:\wamp64\www\evergreenaa\index.php on line 45
[14-Apr-2020 02:58:43 UTC] PHP Notice:  Undefined index: email in C:\wamp64\www\evergreenaa\index.php on line 47
[14-Apr-2020 02:58:43 UTC] PHP Notice:  Undefined index: verified in C:\wamp64\www\evergreenaa\index.php on line 53
[14-Apr-2020 03:05:11 UTC] PHP Notice:  Undefined index: message in C:\wamp64\www\evergreenaa\index.php on line 16
